<?xml version="1.0" encoding="UTF-8" ?>
<testsuite tests="18" failures="0" name="com.testmadness.runner.DemoTest" time="25.693" errors="0" skipped="16">
  <properties>
[...]
</properties>
  <testcase classname="| One Way | 2 | London | June | 10 | Business Class | Unified Airlines |" name="Given a user lands into &quot;http://newtours.demoaut.com/mercurywelcome.php&quot; website" time="1.79">
    <skipped/>
    <system-out>#Author: seji.john@testmadness.com
@TC002
Feature: Verify user is able to select a flight and continue

  Scenario Outline: User is able to select a flight and continue                       &amp;#27;[90m# TC002_FindFlights.feature:5&amp;#27;[0m
    &amp;#27;[36mGiven &amp;#27;[0m&amp;#27;[36ma user lands into &quot;http://newtours.demoaut.com/mercurywelcome.php&quot; website&amp;#27;[0m
    &amp;#27;[36mAnd &amp;#27;[0m&amp;#27;[36ma user clicks username and enter &quot;demo&quot; as username&amp;#27;[0m
    &amp;#27;[36mAnd &amp;#27;[0m&amp;#27;[36ma user clicks password and enter &quot;demo&quot; as password&amp;#27;[0m
    &amp;#27;[36mWhen &amp;#27;[0m&amp;#27;[36ma user click login button&amp;#27;[0m
    &amp;#27;[36mThen &amp;#27;[0m&amp;#27;[36ma user is able to veriy &quot;Flight Finder&quot; page&amp;#27;[0m
    &amp;#27;[36mAnd &amp;#27;[0m&amp;#27;[36ma user able to enter required details in Flight Finder page and click Continue&amp;#27;[0m
    &amp;#27;[36mAnd &amp;#27;[0m&amp;#27;[36ma user is able to veriy &quot;Select Flight&quot; page&amp;#27;[0m

    Examples: 
2018-06-15 16:01:12 INFO  Log:12 - ****************************************************************************************
2018-06-15 16:01:12 INFO  Log:14 - $$$$$$$$$$$$$$$$$$$$$                 User is able to select a flight and continue       $$$$$$$$$$$$$$$$$$$$$$$$$
2018-06-15 16:01:12 INFO  Log:16 - ****************************************************************************************
</system-out>
    <system-err>Starting ChromeDriver 2.39.562713 (dd642283e958a93ebf6891600db055f1f1b4f3b2) on port 16103
Only local connections are allowed.
Jun 15, 2018 4:01:14 PM org.openqa.selenium.remote.ProtocolHandshake createSession
INFO: Detected dialect: OSS
</system-err>
  </testcase>
  <testcase classname="| One Way | 2 | London | June | 10 | Business Class | Unified Airlines |" name="And a user clicks username and enter &quot;demo&quot; as username" time="1.79">
    <skipped/>
  </testcase>
  <testcase classname="| One Way | 2 | London | June | 10 | Business Class | Unified Airlines |" name="And a user clicks password and enter &quot;demo&quot; as password" time="1.79">
    <skipped/>
  </testcase>
  <testcase classname="| One Way | 2 | London | June | 10 | Business Class | Unified Airlines |" name="When a user click login button" time="1.791">
    <skipped/>
  </testcase>
  <testcase classname="| One Way | 2 | London | June | 10 | Business Class | Unified Airlines |" name="Then a user is able to veriy &quot;Flight Finder&quot; page" time="1.791">
    <skipped/>
  </testcase>
  <testcase classname="| One Way | 2 | London | June | 10 | Business Class | Unified Airlines |" name="And a user able to enter required details in Flight Finder page and click Continue" time="1.792">
    <skipped/>
  </testcase>
  <testcase classname="| One Way | 2 | London | June | 10 | Business Class | Unified Airlines |" name="And a user is able to veriy &quot;Select Flight&quot; page" time="1.792">
    <skipped/>
  </testcase>
  <testcase classname="| One Way | 2 | London | June | 10 | Business Class | Unified Airlines |" name="| One Way | 2 | London | June | 10 | Business Class | Unified Airlines |" time="2.173">
    <skipped/>
    <system-out>closing the browser!
2018-06-15 16:01:14 INFO  Log:22 - XXXXXXXXXXXXXXXXXXXXXXX             -E---N---D-             XXXXXXXXXXXXXXXXXXXXXX
</system-out>
  </testcase>
  <testcase classname="| One Way | 2 | London | June | 10 | Business Class | Unified Airlines |" name="| One Way | 2 | London | June | 10 | Business Class | Unified Airlines |" time="2.174"/>
  <testcase classname="| One Way | 3 | London | July | 20 | Business Class | Unified Airlines |" name="Given a user lands into &quot;http://newtours.demoaut.com/mercurywelcome.php&quot; website" time="0.947">
    <skipped/>
    <system-out>2018-06-15 16:01:14 INFO  Log:12 - ****************************************************************************************
2018-06-15 16:01:14 INFO  Log:14 - $$$$$$$$$$$$$$$$$$$$$                 User is able to select a flight and continue       $$$$$$$$$$$$$$$$$$$$$$$$$
2018-06-15 16:01:14 INFO  Log:16 - ****************************************************************************************

  @TC002
  Scenario Outline: User is able to select a flight and continue                       &amp;#27;[90m# TC002_FindFlights.feature:23&amp;#27;[0m
    &amp;#27;[33mGiven &amp;#27;[0m&amp;#27;[33ma user lands into &quot;http://newtours.demoaut.com/mercurywelcome.php&quot; website&amp;#27;[0m
    &amp;#27;[33mAnd &amp;#27;[0m&amp;#27;[33ma user clicks username and enter &quot;demo&quot; as username&amp;#27;[0m
    &amp;#27;[33mAnd &amp;#27;[0m&amp;#27;[33ma user clicks password and enter &quot;demo&quot; as password&amp;#27;[0m
    &amp;#27;[33mWhen &amp;#27;[0m&amp;#27;[33ma user click login button&amp;#27;[0m
    &amp;#27;[33mThen &amp;#27;[0m&amp;#27;[33ma user is able to veriy &quot;Flight Finder&quot; page&amp;#27;[0m
    &amp;#27;[33mAnd &amp;#27;[0m&amp;#27;[33ma user able to enter required details in Flight Finder page and click Continue&amp;#27;[0m
    &amp;#27;[33mAnd &amp;#27;[0m&amp;#27;[33ma user is able to veriy &quot;Select Flight&quot; page&amp;#27;[0m
</system-out>
    <system-err>Starting ChromeDriver 2.39.562713 (dd642283e958a93ebf6891600db055f1f1b4f3b2) on port 21414
Only local connections are allowed.
Jun 15, 2018 4:01:15 PM org.openqa.selenium.remote.ProtocolHandshake createSession
INFO: Detected dialect: OSS
</system-err>
  </testcase>
  <testcase classname="| One Way | 3 | London | July | 20 | Business Class | Unified Airlines |" name="And a user clicks username and enter &quot;demo&quot; as username" time="0.948">
    <skipped/>
  </testcase>
  <testcase classname="| One Way | 3 | London | July | 20 | Business Class | Unified Airlines |" name="And a user clicks password and enter &quot;demo&quot; as password" time="0.948">
    <skipped/>
  </testcase>
  <testcase classname="| One Way | 3 | London | July | 20 | Business Class | Unified Airlines |" name="When a user click login button" time="0.948">
    <skipped/>
  </testcase>
  <testcase classname="| One Way | 3 | London | July | 20 | Business Class | Unified Airlines |" name="Then a user is able to veriy &quot;Flight Finder&quot; page" time="0.949">
    <skipped/>
  </testcase>
  <testcase classname="| One Way | 3 | London | July | 20 | Business Class | Unified Airlines |" name="And a user able to enter required details in Flight Finder page and click Continue" time="0.949">
    <skipped/>
  </testcase>
  <testcase classname="| One Way | 3 | London | July | 20 | Business Class | Unified Airlines |" name="And a user is able to veriy &quot;Select Flight&quot; page" time="0.949">
    <skipped/>
  </testcase>
  <testcase classname="| One Way | 3 | London | July | 20 | Business Class | Unified Airlines |" name="| One Way | 3 | London | July | 20 | Business Class | Unified Airlines |" time="1.086">
    <skipped/>
    <system-out>closing the browser!
2018-06-15 16:01:15 INFO  Log:22 - XXXXXXXXXXXXXXXXXXXXXXX             -E---N---D-             XXXXXXXXXXXXXXXXXXXXXX
</system-out>
  </testcase>
  <testcase classname="| One Way | 3 | London | July | 20 | Business Class | Unified Airlines |" name="| One Way | 3 | London | July | 20 | Business Class | Unified Airlines |" time="1.086"/>
</testsuite>